Fri 11:54: ########################################## 
Fri 11:54: Compiling.
Fri 11:54: ########################################## 

Fri 11:54: MaxCompiler version: 2014.1 (simulation only).
Fri 11:54: Build Simulation run rule for DigitRecognition start time: Fri Jan 01 11:54:52 PST 2010.
Fri 11:54: Project location: /home/demo/workspace/DigitRecognition.
Fri 11:54: Detailed build log: /home/demo/workspace/DigitRecognition/RunRules/Simulation/build.log.

Fri 11:54: Compiling Engine Code.
Fri 11:54: Engine building skipped (no changes on .max files).
Fri 11:54: Compiling CPU Code.
Fri 11:54: Run CPU project make files updating
Fri 11:54: Executing command:
Fri 11:54: java -jar /opt/maxeler/maxcompiler/lib/MaxIDE/projectAdmin.jar -u /home/demo/workspace/DigitRecognition Simulation 
Fri 11:54: Command output:

Fri 11:54: MaxCompiler Project Admin Tool Version 2014.1.00012
Fri 11:54:  Copyright Maxeler Technologies 2010 - 2014. All rights reserved.

Fri 11:54: Handler version 2
Fri 11:54: Updating RunRule dependent Makefiles for RunRule 'Simulation'
Fri 11:54: 	Updating: Simulation
Fri 11:54: Found makefiles: 1
Fri 11:54: 	Updated: Simulation
Fri 11:54: Run CPU make.
Fri 11:54: make RUNRULE=Simulation 
Fri 11:54: Command output:
Fri 11:54: make -f Makefile.rules build
Fri 11:54: make[1]: Entering directory `/home/demo/workspace/DigitRecognition/CPUCode'
Fri 11:54: make[1]: Warning: File `/usr/include/stdlib.h' has modification time 6.7e+07 s in the future
Fri 11:54: set -e; rm -f ../RunRules/Simulation/objects/c/DigitRecognitionCpuCode.d ;                                                             \
Fri 11:54: 	  cc -M -std=gnu99 -g -O3 -Wall -Wextra -I../RunRules/Simulation/include  -I '/opt/maxeler/maxcompiler/include/slic'  -Wno-error DigitRecognitionCpuCode.c > ../RunRules/Simulation/objects/c/DigitRecognitionCpuCode.d.$$ ;                                 \
Fri 11:54:       sed 's,\(DigitRecognitionCpuCode\)\.o[ :]*,../RunRules/Simulation/objects/c/\1.o ../RunRules/Simulation/objects/c/DigitRecognitionCpuCode.d : ,g' < ../RunRules/Simulation/objects/c/DigitRecognitionCpuCode.d.$$ > ../RunRules/Simulation/objects/c/DigitRecognitionCpuCode.d; \
Fri 11:54:       rm -f ../RunRules/Simulation/objects/c/DigitRecognitionCpuCode.d.$$
Fri 11:54: make[1]: Leaving directory `/home/demo/workspace/DigitRecognition/CPUCode'
Fri 11:54: make[1]: Entering directory `/home/demo/workspace/DigitRecognition/CPUCode'
Fri 11:54: make[1]: Warning: File `/usr/include/stdlib.h' has modification time 6.7e+07 s in the future
Fri 11:54: set -e; rm -f ../RunRules/Simulation/objects/c/DigitRecognitionCpuCode.d ;                                                             \
Fri 11:54: 	  cc -M -std=gnu99 -g -O3 -Wall -Wextra -I../RunRules/Simulation/include  -I '/opt/maxeler/maxcompiler/include/slic'  -Wno-error DigitRecognitionCpuCode.c > ../RunRules/Simulation/objects/c/DigitRecognitionCpuCode.d.$$ ;                                 \
Fri 11:54:       sed 's,\(DigitRecognitionCpuCode\)\.o[ :]*,../RunRules/Simulation/objects/c/\1.o ../RunRules/Simulation/objects/c/DigitRecognitionCpuCode.d : ,g' < ../RunRules/Simulation/objects/c/DigitRecognitionCpuCode.d.$$ > ../RunRules/Simulation/objects/c/DigitRecognitionCpuCode.d; \
Fri 11:54:       rm -f ../RunRules/Simulation/objects/c/DigitRecognitionCpuCode.d.$$
Fri 11:54: cc -std=gnu99 -g -O3 -Wall -Wextra -I../RunRules/Simulation/include  -I '/opt/maxeler/maxcompiler/include/slic'  -c DigitRecognitionCpuCode.c -o ../RunRules/Simulation/objects/c/DigitRecognitionCpuCode.o
Fri 11:54: cc -std=gnu99 -g -O3 -Wall -Wextra -I../RunRules/Simulation/include  -I '/opt/maxeler/maxcompiler/include/slic'  -o ../RunRules/Simulation/binaries/DigitRecognition ../RunRules/Simulation/objects/maxfiles/slic_DigitRecognition.o ../RunRules/Simulation/objects/c/DigitRecognitionCpuCode.o -g -O3  -L '/opt/maxeler/maxcompiler/lib' -lslic -L '/opt/maxeler/maxcompiler/lib/maxeleros-sim/lib' -lmaxeleros -lpthread -lm -lrt 
Fri 11:54: make[1]: warning:  Clock skew detected.  Your build may be incomplete.
Fri 11:54: make[1]: Leaving directory `/home/demo/workspace/DigitRecognition/CPUCode'
Fri 11:54: Build completed: Fri Jan 01 11:54:53 PST 2010


Fri 11:54: ########################################## 
Fri 11:54: Running
Fri 11:54: ########################################## 
Fri 11:54: Executing command:
Fri 11:54: '/home/demo/workspace/DigitRecognition/RunRules/Simulation/binaries/DigitRecognition' 
Fri 11:54: Command output:
Fri 11:54: Weights - Loaded
Fri 11:54: Biases - Loaded
Fri 11:54: Labels - Loaded
Fri 11:54: Input Data - Loaded
Fri 11:54: Running Weight Calculation on DFE...
Fri 11:56: DFE finished in 4.210000.
Fri 11:56: Running Weight Calculation on CPU...
Fri 11:56: CPU finished in 0.240000
Fri 11:56: Running Softmax Layer on CPU...
Fri 11:56: Final Result: 9092/10000
Fri 11:56: Process terminated with exit code 0.
